<?xml version="1.0" encoding="UTF-8"?>
<!-- Generated by org.testng.reporters.JUnitReportReporter -->
<testsuite hostname="DESKTOP-ASV0EV8" failures="0" tests="1" name="ParametersAndAuthentication.BasicAuth" time="6.698" errors="0" timestamp="2021-10-30T12:36:05 IST" skipped="0">
  <testcase classname="ParametersAndAuthentication.BasicAuth" name="basicAuth" time="6.698"/>
  <system-out/>
</testsuite> <!-- ParametersAndAuthentication.BasicAuth -->
