<?xml version="1.0" encoding="UTF-8"?>
<!-- Generated by org.testng.reporters.JUnitReportReporter -->
<testsuite hostname="DESKTOP-ASV0EV8" failures="0" tests="1" name="com.rmg.ProjectTest.CreateAResourse" time="2.827" errors="0" timestamp="26 Oct 2021 14:34:16 GMT">
  <testcase classname="com.rmg.ProjectTest.CreateAResourse" name="create" time="2.827"/>
</testsuite> <!-- com.rmg.ProjectTest.CreateAResourse -->
