<?xml version="1.0" encoding="UTF-8"?>
<!-- Generated by org.testng.reporters.JUnitReportReporter -->
<testsuite hostname="DESKTOP-ASV0EV8" failures="0" tests="1" name="com.rmg.ProjectTest.DeleteOneResource" time="1.840" errors="0" timestamp="26 Oct 2021 14:38:51 GMT">
  <testcase classname="com.rmg.ProjectTest.DeleteOneResource" name="delete" time="1.840"/>
</testsuite> <!-- com.rmg.ProjectTest.DeleteOneResource -->
