<?xml version="1.0" encoding="UTF-8"?>
<!-- Generated by org.testng.reporters.JUnitReportReporter -->
<testsuite hostname="DESKTOP-ASV0EV8" failures="0" tests="1" name="ComplexResponseValidation.DynamicResponse" time="4.665" errors="0" timestamp="2021-10-29T12:20:19 IST" skipped="0">
  <testcase classname="ComplexResponseValidation.DynamicResponse" name="dynamicResponse" time="4.665"/>
  <system-out/>
</testsuite> <!-- ComplexResponseValidation.DynamicResponse -->
