<?xml version="1.0" encoding="UTF-8"?>
<!-- Generated by org.testng.reporters.JUnitReportReporter -->
<testsuite hostname="DESKTOP-ASV0EV8" failures="0" tests="1" name="ParametersAndAuthentication.QueryParameters" time="5.436" errors="0" timestamp="2021-10-29T12:57:14 IST" skipped="0">
  <testcase classname="ParametersAndAuthentication.QueryParameters" name="queryparameter" time="5.436"/>
  <system-out/>
</testsuite> <!-- ParametersAndAuthentication.QueryParameters -->
