<?xml version="1.0" encoding="UTF-8"?>
<!-- Generated by org.testng.reporters.JUnitReportReporter -->
<testsuite hostname="DESKTOP-ASV0EV8" failures="0" tests="1" name="com.rmg.ProjectTest.GetAlltheResources" time="4.922" errors="0" timestamp="2021-10-29T11:53:33 IST" skipped="0">
  <testcase classname="com.rmg.ProjectTest.GetAlltheResources" name="getAlldata" time="4.922"/>
  <system-out/>
</testsuite> <!-- com.rmg.ProjectTest.GetAlltheResources -->
