<?xml version="1.0" encoding="UTF-8"?>
<!-- Generated by org.testng.reporters.JUnitReportReporter -->
<testsuite hostname="DESKTOP-ASV0EV8" failures="0" tests="1" name="ParametersAndAuthentication.RequestChainingDelete" time="8.203" errors="0" timestamp="2021-10-30T12:02:43 IST" skipped="0">
  <testcase classname="ParametersAndAuthentication.RequestChainingDelete" name="requestchainging" time="8.203"/>
  <system-out/>
</testsuite> <!-- ParametersAndAuthentication.RequestChainingDelete -->
