<?xml version="1.0" encoding="UTF-8"?>
<!-- Generated by org.testng.reporters.JUnitReportReporter -->
<testsuite hostname="DESKTOP-ASV0EV8" failures="0" tests="1" name="ParametersAndAuthentication.PathParameter" time="4.589" errors="0" timestamp="2021-10-29T12:52:22 IST" skipped="0">
  <testcase classname="ParametersAndAuthentication.PathParameter" name="pathparameter" time="4.589"/>
  <system-out/>
</testsuite> <!-- ParametersAndAuthentication.PathParameter -->
