<?xml version="1.0" encoding="UTF-8"?>
<!-- Generated by org.testng.reporters.JUnitReportReporter -->
<testsuite hostname="DESKTOP-ASV0EV8" failures="0" tests="1" name="com.rmg.ProjectTest.SampleprojectTest" time="4.082" errors="0" timestamp="26 Oct 2021 11:17:22 GMT">
  <testcase classname="com.rmg.ProjectTest.SampleprojectTest" name="getAllProjectTest" time="4.082"/>
</testsuite> <!-- com.rmg.ProjectTest.SampleprojectTest -->
