<?xml version="1.0" encoding="UTF-8"?>
<!-- Generated by org.testng.reporters.JUnitReportReporter -->
<testsuite hostname="DESKTOP-ASV0EV8" failures="0" tests="1" name="com.rmg.ProjectTest.GetSingleResource" time="3.077" errors="0" timestamp="27 Oct 2021 00:45:17 GMT">
  <testcase classname="com.rmg.ProjectTest.GetSingleResource" name="GetSingleFile" time="3.077"/>
</testsuite> <!-- com.rmg.ProjectTest.GetSingleResource -->
