<?xml version="1.0" encoding="UTF-8"?>
<!-- Generated by org.testng.reporters.JUnitReportReporter -->
<testsuite hostname="DESKTOP-ASV0EV8" failures="0" tests="1" name="ComplexResponseValidation.StaticResponse" time="5.678" errors="0" timestamp="2021-10-29T11:54:37 IST" skipped="0">
  <testcase classname="ComplexResponseValidation.StaticResponse" name="staticresponse" time="5.678"/>
  <system-out/>
</testsuite> <!-- ComplexResponseValidation.StaticResponse -->
