<?xml version="1.0" encoding="UTF-8"?>
<!-- Generated by org.testng.reporters.JUnitReportReporter -->
<testsuite hostname="DESKTOP-ASV0EV8" failures="0" tests="1" name="ParametersAndAuthentication.BearerToken" time="8.886" errors="0" timestamp="2021-10-30T12:43:46 IST" skipped="0">
  <testcase classname="ParametersAndAuthentication.BearerToken" name="bearerToke" time="8.886"/>
  <system-out/>
</testsuite> <!-- ParametersAndAuthentication.BearerToken -->
