<?xml version="1.0" encoding="UTF-8"?>
<!-- Generated by org.testng.reporters.JUnitReportReporter -->
<testsuite hostname="DESKTOP-ASV0EV8" failures="0" tests="1" name="com.rmg.ProjectTest.CreateProjectUsingHashmap" time="7.050" errors="0" timestamp="2021-10-28T12:10:07 IST" skipped="0">
  <testcase classname="com.rmg.ProjectTest.CreateProjectUsingHashmap" name="createProjectUsingHashmap" time="7.050"/>
  <system-out/>
</testsuite> <!-- com.rmg.ProjectTest.CreateProjectUsingHashmap -->
