<?xml version="1.0" encoding="UTF-8"?>
<!-- Generated by org.testng.reporters.JUnitReportReporter -->
<testsuite hostname="DESKTOP-ASV0EV8" failures="0" tests="1" name="ParametersAndAuthentication.RequestChainingGet" time="7.955" errors="0" timestamp="2021-10-30T11:59:51 IST" skipped="0">
  <testcase classname="ParametersAndAuthentication.RequestChainingGet" name="requestchainging" time="7.955"/>
  <system-out/>
</testsuite> <!-- ParametersAndAuthentication.RequestChainingGet -->
