<?xml version="1.0" encoding="UTF-8"?>
<!-- Generated by org.testng.reporters.JUnitReportReporter -->
<testsuite hostname="DESKTOP-ASV0EV8" failures="0" tests="1" name="com.rmg.ProjectTest.UpdateAllTheResource" time="4.885" errors="0" timestamp="27 Oct 2021 00:39:39 GMT">
  <testcase classname="com.rmg.ProjectTest.UpdateAllTheResource" name="update" time="4.885"/>
</testsuite> <!-- com.rmg.ProjectTest.UpdateAllTheResource -->
