<?xml version="1.0" encoding="UTF-8"?>
<!-- Generated by org.testng.reporters.JUnitReportReporter -->
<testsuite hostname="DESKTOP-ASV0EV8" failures="0" tests="1" name="ParametersAndAuthentication.Oauth2_Authentication" time="4.774" errors="0" timestamp="2021-10-30T13:37:46 IST" skipped="0">
  <testcase classname="ParametersAndAuthentication.Oauth2_Authentication" name="oauth2_Authentication" time="4.774"/>
  <system-out/>
</testsuite> <!-- ParametersAndAuthentication.Oauth2_Authentication -->
